<?xml version="1.0" encoding="UTF-8" ?>
<testsuite tests="8" failures="0" name="dpdev.homework_1.operations.CalculatorTest" time="0.068" errors="0" skipped="0">
  <properties>
[...]
</properties>
  <testcase classname="dpdev.homework_1.operations.CalculatorTest" name="testDivideByZero" time="0.007"/>
  <testcase classname="dpdev.homework_1.operations.CalculatorTest" name="testRandomNumbersGeneratorRightBorder" time="0.017"/>
  <testcase classname="dpdev.homework_1.operations.CalculatorTest" name="testMultiplication" time="0.018"/>
  <testcase classname="dpdev.homework_1.operations.CalculatorTest" name="testAddition" time="0.005"/>
  <testcase classname="dpdev.homework_1.operations.CalculatorTest" name="testRandomNumbersGenerator" time="0.001"/>
  <testcase classname="dpdev.homework_1.operations.CalculatorTest" name="testDivide" time="0.016"/>
  <testcase classname="dpdev.homework_1.operations.CalculatorTest" name="testRandomNumbersGeneratorLeftBorder" time="0.003"/>
  <testcase classname="dpdev.homework_1.operations.CalculatorTest" name="testSubtraction" time="0.001"/>
</testsuite>